<?xml version="1.0" encoding="UTF-8"?>
<testsuite xmlns:xsi="http://www.w3.org/2001/XMLSchema-instance" xsi:noNamespaceSchemaLocation="https://maven.apache.org/surefire/maven-surefire-plugin/xsd/surefire-test-report.xsd" name="TestCases" time="4.161" tests="20" errors="0" skipped="0" failures="8">
  <properties>
    <property name="java.specification.version" value="17"/>
    <property name="sun.cpu.isalist" value="amd64"/>
    <property name="sun.jnu.encoding" value="Cp1252"/>
    <property name="java.class.path" value="C:\Users\hp\Desktop\CollegeStudentApp\target\test-classes;C:\Users\hp\Desktop\CollegeStudentApp\target\classes;C:\Users\hp\.m2\repository\org\hibernate\orm\hibernate-core\6.1.6.Final\hibernate-core-6.1.6.Final.jar;C:\Users\hp\.m2\repository\jakarta\persistence\jakarta.persistence-api\3.0.0\jakarta.persistence-api-3.0.0.jar;C:\Users\hp\.m2\repository\jakarta\transaction\jakarta.transaction-api\2.0.0\jakarta.transaction-api-2.0.0.jar;C:\Users\hp\.m2\repository\org\jboss\logging\jboss-logging\3.4.3.Final\jboss-logging-3.4.3.Final.jar;C:\Users\hp\.m2\repository\org\hibernate\common\hibernate-commons-annotations\6.0.2.Final\hibernate-commons-annotations-6.0.2.Final.jar;C:\Users\hp\.m2\repository\org\jboss\jandex\2.4.2.Final\jandex-2.4.2.Final.jar;C:\Users\hp\.m2\repository\com\fasterxml\classmate\1.5.1\classmate-1.5.1.jar;C:\Users\hp\.m2\repository\net\bytebuddy\byte-buddy\1.12.18\byte-buddy-1.12.18.jar;C:\Users\hp\.m2\repository\jakarta\xml\bind\jakarta.xml.bind-api\3.0.1\jakarta.xml.bind-api-3.0.1.jar;C:\Users\hp\.m2\repository\com\sun\activation\jakarta.activation\2.0.1\jakarta.activation-2.0.1.jar;C:\Users\hp\.m2\repository\org\glassfish\jaxb\jaxb-runtime\3.0.2\jaxb-runtime-3.0.2.jar;C:\Users\hp\.m2\repository\org\glassfish\jaxb\jaxb-core\3.0.2\jaxb-core-3.0.2.jar;C:\Users\hp\.m2\repository\org\glassfish\jaxb\txw2\3.0.2\txw2-3.0.2.jar;C:\Users\hp\.m2\repository\com\sun\istack\istack-commons-runtime\4.0.1\istack-commons-runtime-4.0.1.jar;C:\Users\hp\.m2\repository\jakarta\inject\jakarta.inject-api\2.0.0\jakarta.inject-api-2.0.0.jar;C:\Users\hp\.m2\repository\org\antlr\antlr4-runtime\4.10.1\antlr4-runtime-4.10.1.jar;C:\Users\hp\.m2\repository\com\mysql\mysql-connector-j\8.0.31\mysql-connector-j-8.0.31.jar;C:\Users\hp\.m2\repository\com\google\protobuf\protobuf-java\3.19.4\protobuf-java-3.19.4.jar;C:\Users\hp\.m2\repository\org\projectlombok\lombok\1.18.24\lombok-1.18.24.jar;C:\Users\hp\.m2\repository\org\junit\jupiter\junit-jupiter-api\5.9.2\junit-jupiter-api-5.9.2.jar;C:\Users\hp\.m2\repository\org\opentest4j\opentest4j\1.2.0\opentest4j-1.2.0.jar;C:\Users\hp\.m2\repository\org\junit\platform\junit-platform-commons\1.9.2\junit-platform-commons-1.9.2.jar;C:\Users\hp\.m2\repository\org\apiguardian\apiguardian-api\1.1.2\apiguardian-api-1.1.2.jar;C:\Users\hp\.m2\repository\org\junit\jupiter\junit-jupiter-engine\5.6.2\junit-jupiter-engine-5.6.2.jar;C:\Users\hp\.m2\repository\org\junit\platform\junit-platform-engine\1.6.2\junit-platform-engine-1.6.2.jar;C:\Users\hp\.m2\repository\org\mockito\mockito-all\1.10.19\mockito-all-1.10.19.jar;C:\Users\hp\.m2\repository\com\h2database\h2\2.1.214\h2-2.1.214.jar;C:\Users\hp\.m2\repository\org\json\json\20220924\json-20220924.jar;"/>
    <property name="java.vm.vendor" value="Eclipse Adoptium"/>
    <property name="sun.arch.data.model" value="64"/>
    <property name="user.variant" value=""/>
    <property name="java.vendor.url" value="https://adoptium.net/"/>
    <property name="user.timezone" value="Asia/Calcutta"/>
    <property name="os.name" value="Windows 11"/>
    <property name="java.vm.specification.version" value="17"/>
    <property name="sun.java.launcher" value="SUN_STANDARD"/>
    <property name="user.country" value="IN"/>
    <property name="sun.boot.library.path" value="C:\Users\hp\Downloads\sts-4.15.3.RELEASE\plugins\org.eclipse.justj.openjdk.hotspot.jre.full.win32.x86_64_17.0.4.v20220805-1047\jre\bin"/>
    <property name="sun.java.command" value="C:\Users\hp\AppData\Local\Temp\surefire16090931226347037524\surefirebooter1488035250754077890.jar C:\Users\hp\AppData\Local\Temp\surefire16090931226347037524 2023-03-25T20-54-38_916-jvmRun1 surefire14473181630363664653tmp surefire_0956839394084813318tmp"/>
    <property name="jdk.debug" value="release"/>
    <property name="surefire.test.class.path" value="C:\Users\hp\Desktop\CollegeStudentApp\target\test-classes;C:\Users\hp\Desktop\CollegeStudentApp\target\classes;C:\Users\hp\.m2\repository\org\hibernate\orm\hibernate-core\6.1.6.Final\hibernate-core-6.1.6.Final.jar;C:\Users\hp\.m2\repository\jakarta\persistence\jakarta.persistence-api\3.0.0\jakarta.persistence-api-3.0.0.jar;C:\Users\hp\.m2\repository\jakarta\transaction\jakarta.transaction-api\2.0.0\jakarta.transaction-api-2.0.0.jar;C:\Users\hp\.m2\repository\org\jboss\logging\jboss-logging\3.4.3.Final\jboss-logging-3.4.3.Final.jar;C:\Users\hp\.m2\repository\org\hibernate\common\hibernate-commons-annotations\6.0.2.Final\hibernate-commons-annotations-6.0.2.Final.jar;C:\Users\hp\.m2\repository\org\jboss\jandex\2.4.2.Final\jandex-2.4.2.Final.jar;C:\Users\hp\.m2\repository\com\fasterxml\classmate\1.5.1\classmate-1.5.1.jar;C:\Users\hp\.m2\repository\net\bytebuddy\byte-buddy\1.12.18\byte-buddy-1.12.18.jar;C:\Users\hp\.m2\repository\jakarta\xml\bind\jakarta.xml.bind-api\3.0.1\jakarta.xml.bind-api-3.0.1.jar;C:\Users\hp\.m2\repository\com\sun\activation\jakarta.activation\2.0.1\jakarta.activation-2.0.1.jar;C:\Users\hp\.m2\repository\org\glassfish\jaxb\jaxb-runtime\3.0.2\jaxb-runtime-3.0.2.jar;C:\Users\hp\.m2\repository\org\glassfish\jaxb\jaxb-core\3.0.2\jaxb-core-3.0.2.jar;C:\Users\hp\.m2\repository\org\glassfish\jaxb\txw2\3.0.2\txw2-3.0.2.jar;C:\Users\hp\.m2\repository\com\sun\istack\istack-commons-runtime\4.0.1\istack-commons-runtime-4.0.1.jar;C:\Users\hp\.m2\repository\jakarta\inject\jakarta.inject-api\2.0.0\jakarta.inject-api-2.0.0.jar;C:\Users\hp\.m2\repository\org\antlr\antlr4-runtime\4.10.1\antlr4-runtime-4.10.1.jar;C:\Users\hp\.m2\repository\com\mysql\mysql-connector-j\8.0.31\mysql-connector-j-8.0.31.jar;C:\Users\hp\.m2\repository\com\google\protobuf\protobuf-java\3.19.4\protobuf-java-3.19.4.jar;C:\Users\hp\.m2\repository\org\projectlombok\lombok\1.18.24\lombok-1.18.24.jar;C:\Users\hp\.m2\repository\org\junit\jupiter\junit-jupiter-api\5.9.2\junit-jupiter-api-5.9.2.jar;C:\Users\hp\.m2\repository\org\opentest4j\opentest4j\1.2.0\opentest4j-1.2.0.jar;C:\Users\hp\.m2\repository\org\junit\platform\junit-platform-commons\1.9.2\junit-platform-commons-1.9.2.jar;C:\Users\hp\.m2\repository\org\apiguardian\apiguardian-api\1.1.2\apiguardian-api-1.1.2.jar;C:\Users\hp\.m2\repository\org\junit\jupiter\junit-jupiter-engine\5.6.2\junit-jupiter-engine-5.6.2.jar;C:\Users\hp\.m2\repository\org\junit\platform\junit-platform-engine\1.6.2\junit-platform-engine-1.6.2.jar;C:\Users\hp\.m2\repository\org\mockito\mockito-all\1.10.19\mockito-all-1.10.19.jar;C:\Users\hp\.m2\repository\com\h2database\h2\2.1.214\h2-2.1.214.jar;C:\Users\hp\.m2\repository\org\json\json\20220924\json-20220924.jar;"/>
    <property name="sun.cpu.endian" value="little"/>
    <property name="user.home" value="C:\Users\hp"/>
    <property name="user.language" value="en"/>
    <property name="java.specification.vendor" value="Oracle Corporation"/>
    <property name="java.version.date" value="2022-07-19"/>
    <property name="java.home" value="C:\Users\hp\Downloads\sts-4.15.3.RELEASE\plugins\org.eclipse.justj.openjdk.hotspot.jre.full.win32.x86_64_17.0.4.v20220805-1047\jre"/>
    <property name="file.separator" value="\"/>
    <property name="style.color" value="always"/>
    <property name="basedir" value="C:\Users\hp\Desktop\CollegeStudentApp"/>
    <property name="java.vm.compressedOopsMode" value="32-bit"/>
    <property name="line.separator" value="&#10;"/>
    <property name="java.vm.specification.vendor" value="Oracle Corporation"/>
    <property name="java.specification.name" value="Java Platform API Specification"/>
    <property name="surefire.real.class.path" value="C:\Users\hp\AppData\Local\Temp\surefire16090931226347037524\surefirebooter1488035250754077890.jar"/>
    <property name="user.script" value=""/>
    <property name="sun.management.compiler" value="HotSpot 64-Bit Tiered Compilers"/>
    <property name="java.runtime.version" value="17.0.4+8"/>
    <property name="user.name" value="hp"/>
    <property name="path.separator" value=";"/>
    <property name="os.version" value="10.0"/>
    <property name="java.runtime.name" value="OpenJDK Runtime Environment"/>
    <property name="file.encoding" value="Cp1252"/>
    <property name="java.vm.name" value="OpenJDK 64-Bit Server VM"/>
    <property name="java.vendor.version" value="Temurin-17.0.4+8"/>
    <property name="localRepository" value="C:\Users\hp\.m2\repository"/>
    <property name="java.vendor.url.bug" value="https://github.com/adoptium/adoptium-support/issues"/>
    <property name="java.io.tmpdir" value="C:\Users\hp\AppData\Local\Temp\"/>
    <property name="java.version" value="17.0.4"/>
    <property name="user.dir" value="C:\Users\hp\Desktop\CollegeStudentApp"/>
    <property name="os.arch" value="amd64"/>
    <property name="java.vm.specification.name" value="Java Virtual Machine Specification"/>
    <property name="sun.os.patch.level" value=""/>
    <property name="native.encoding" value="Cp1252"/>
    <property name="java.library.path" value="C:\Users\hp\Downloads\sts-4.15.3.RELEASE\plugins\org.eclipse.justj.openjdk.hotspot.jre.full.win32.x86_64_17.0.4.v20220805-1047\jre\bin;C:\windows\Sun\Java\bin;C:\windows\system32;C:\windows;C:/Users/hp/Downloads/sts-4.15.3.RELEASE//plugins/org.eclipse.justj.openjdk.hotspot.jre.full.win32.x86_64_17.0.4.v20220805-1047/jre/bin/server;C:/Users/hp/Downloads/sts-4.15.3.RELEASE//plugins/org.eclipse.justj.openjdk.hotspot.jre.full.win32.x86_64_17.0.4.v20220805-1047/jre/bin;C:\Program Files\Common Files\Oracle\Java\javapath;C:\windows\system32;C:\windows;C:\windows\System32\Wbem;C:\windows\System32\WindowsPowerShell\v1.0\;C:\windows\System32\OpenSSH\;C:\Program Files\Git\cmd;C:\Program Files\nodejs\;C:\Program Files\Java\jdk-18.0.2\bin;C:\Program Files\PowerShell\7\;C:\Users\hp\AppData\Local\Microsoft\WindowsApps;C:\Users\hp\AppData\Roaming\npm;C:\Users\hp\AppData\Local\Programs\Microsoft VS Code\bin;C:\Users\hp\Downloads\sts-4.15.3.RELEASE;;."/>
    <property name="java.vm.info" value="mixed mode"/>
    <property name="java.vendor" value="Eclipse Adoptium"/>
    <property name="java.vm.version" value="17.0.4+8"/>
    <property name="sun.io.unicode.encoding" value="UnicodeLittle"/>
    <property name="java.class.version" value="61.0"/>
  </properties>
  <testcase name="basicChecks" classname="TestCases" time="0.04"/>
  <testcase name="registerCollege" classname="TestCases" time="3.21"/>
  <testcase name="registerCollegeException" classname="TestCases" time="0.032">
    <failure message="Multiple Failures (1 failure)&#10;	org.opentest4j.AssertionFailedError: method is not throwing exception, even when we are passing null objects while adding an college ==&gt; Unexpected exception type thrown, expected: &lt;exceptions.CollegeException&gt; but was: &lt;java.lang.IllegalArgumentException&gt;" type="org.opentest4j.MultipleFailuresError"><![CDATA[org.opentest4j.MultipleFailuresError: 
Multiple Failures (1 failure)
	org.opentest4j.AssertionFailedError: method is not throwing exception, even when we are passing null objects while adding an college ==> Unexpected exception type thrown, expected: <exceptions.CollegeException> but was: <java.lang.IllegalArgumentException>
	at TestCases.registerCollegeException(TestCases.java:80)
]]></failure>
    <system-out><![CDATA[Hibernate: insert into College (collegeAddress, collegeName) values (?, ?)
]]></system-out>
  </testcase>
  <testcase name="getCollegeFromCollegeId" classname="TestCases" time="0.049"/>
  <testcase name="getCollegeFromCollegeIdException" classname="TestCases" time="0.022"/>
  <testcase name="getAllCollege" classname="TestCases" time="0.404"/>
  <testcase name="getAllCollegeException" classname="TestCases" time="0.014">
    <failure message="Multiple Failures (1 failure)&#10;	org.opentest4j.AssertionFailedError: getAllCollege method is not throwing exception even non of the college is in database ==&gt; Expected exceptions.CollegeException to be thrown, but nothing was thrown." type="org.opentest4j.MultipleFailuresError">org.opentest4j.MultipleFailuresError: 
Multiple Failures (1 failure)
	org.opentest4j.AssertionFailedError: getAllCollege method is not throwing exception even non of the college is in database ==> Expected exceptions.CollegeException to be thrown, but nothing was thrown.
	at TestCases.getAllCollegeException(TestCases.java:169)
</failure>
    <system-out><![CDATA[Hibernate: delete from Student
Hibernate: delete from College
Hibernate: Select * From college
]]></system-out>
  </testcase>
  <testcase name="registerStudentToCollege" classname="TestCases" time="0.026">
    <failure message="Multiple Failures (1 failure)&#10;	java.lang.NullPointerException: Cannot invoke &quot;Object.getClass()&quot; because &quot;obj&quot; is null" type="org.opentest4j.MultipleFailuresError">org.opentest4j.MultipleFailuresError: 
Multiple Failures (1 failure)
	java.lang.NullPointerException: Cannot invoke "Object.getClass()" because "obj" is null
	at TestCases.registerStudentToCollege(TestCases.java:194)
</failure>
    <system-out><![CDATA[Hibernate: insert into Student (college_collegeId, email, mobileNumber, status, studentName) values (?, ?, ?, ?, ?)
Hibernate: insert into College (collegeAddress, collegeName) values (?, ?)
Hibernate: select c1_0.collegeId,c1_0.collegeAddress,c1_0.collegeName from College c1_0 where c1_0.collegeId=?
Hibernate: select s1_0.studentRoll,c1_0.collegeId,c1_0.collegeAddress,c1_0.collegeName,s1_0.email,s1_0.mobileNumber,s1_0.status,s1_0.studentName from Student s1_0 left join College c1_0 on c1_0.collegeId=s1_0.college_collegeId where s1_0.studentRoll=?
]]></system-out>
  </testcase>
  <testcase name="registerStudentToCollegeException" classname="TestCases" time="0.036"/>
  <testcase name="getAllStudentsFromCollegeId" classname="TestCases" time="0.024">
    <failure message="Multiple Failures (1 failure)&#10;	java.lang.NullPointerException: Cannot invoke &quot;java.util.List.size()&quot; because &quot;students&quot; is null" type="org.opentest4j.MultipleFailuresError">org.opentest4j.MultipleFailuresError: 
Multiple Failures (1 failure)
	java.lang.NullPointerException: Cannot invoke "java.util.List.size()" because "students" is null
	at TestCases.getAllStudentsFromCollegeId(TestCases.java:245)
</failure>
    <system-out><![CDATA[Hibernate: delete from Student
Hibernate: delete from College
Hibernate: insert into College (collegeAddress, collegeName) values (?, ?)
Hibernate: insert into Student (college_collegeId, email, mobileNumber, status, studentName) values (?, ?, ?, ?, ?)
Hibernate: insert into Student (college_collegeId, email, mobileNumber, status, studentName) values (?, ?, ?, ?, ?)
]]></system-out>
  </testcase>
  <testcase name="getAllStudentsFromCollegeIdException" classname="TestCases" time="0.014">
    <failure message="Multiple Failures (1 failure)&#10;	org.opentest4j.AssertionFailedError: getAllStudentsFromCollegeId method is not throwing exception even non of the student register to the college ==&gt; Expected exceptions.StudentException to be thrown, but nothing was thrown." type="org.opentest4j.MultipleFailuresError">org.opentest4j.MultipleFailuresError: 
Multiple Failures (1 failure)
	org.opentest4j.AssertionFailedError: getAllStudentsFromCollegeId method is not throwing exception even non of the student register to the college ==> Expected exceptions.StudentException to be thrown, but nothing was thrown.
	at TestCases.getAllStudentsFromCollegeIdException(TestCases.java:272)
</failure>
    <system-out><![CDATA[Hibernate: delete from Student
Hibernate: delete from College
Hibernate: insert into College (collegeAddress, collegeName) values (?, ?)
]]></system-out>
  </testcase>
  <testcase name="registerStudent" classname="TestCases" time="0.01"/>
  <testcase name="registerStudentException" classname="TestCases" time="0.008">
    <failure message="Multiple Failures (1 failure)&#10;	org.opentest4j.AssertionFailedError: method is not throwing exception, even when we are passing null objects while adding an college ==&gt; Unexpected exception type thrown, expected: &lt;exceptions.CollegeException&gt; but was: &lt;java.lang.IllegalArgumentException&gt;" type="org.opentest4j.MultipleFailuresError"><![CDATA[org.opentest4j.MultipleFailuresError: 
Multiple Failures (1 failure)
	org.opentest4j.AssertionFailedError: method is not throwing exception, even when we are passing null objects while adding an college ==> Unexpected exception type thrown, expected: <exceptions.CollegeException> but was: <java.lang.IllegalArgumentException>
	at TestCases.registerStudentException(TestCases.java:329)
]]></failure>
    <system-out><![CDATA[Hibernate: insert into Student (college_collegeId, email, mobileNumber, status, studentName) values (?, ?, ?, ?, ?)
]]></system-out>
  </testcase>
  <testcase name="getStudentFromCollegeId" classname="TestCases" time="0.034"/>
  <testcase name="getStudentFromCollegeIdException" classname="TestCases" time="0.015"/>
  <testcase name="getAllActiveStudents" classname="TestCases" time="0.132"/>
  <testcase name="getAllActiveStudentsException" classname="TestCases" time="0.016">
    <failure message="Multiple Failures (1 failure)&#10;	org.opentest4j.AssertionFailedError: getAllActiveStudents method is not throwing exception even non of the student register ==&gt; Expected exceptions.StudentException to be thrown, but nothing was thrown." type="org.opentest4j.MultipleFailuresError">org.opentest4j.MultipleFailuresError: 
Multiple Failures (1 failure)
	org.opentest4j.AssertionFailedError: getAllActiveStudents method is not throwing exception even non of the student register ==> Expected exceptions.StudentException to be thrown, but nothing was thrown.
	at TestCases.getAllActiveStudentsException(TestCases.java:429)
</failure>
    <system-out><![CDATA[Hibernate: delete from Student
Hibernate: delete from College
Hibernate: select s1_0.studentRoll,s1_0.college_collegeId,s1_0.email,s1_0.mobileNumber,s1_0.status,s1_0.studentName from Student s1_0 where s1_0.status=?
]]></system-out>
  </testcase>
  <testcase name="getCollegeFromStudentId" classname="TestCases" time="0.031"/>
  <testcase name="getCollegeFromStudentIdsException" classname="TestCases" time="0.017">
    <failure message="Multiple Failures (1 failure)&#10;	org.opentest4j.AssertionFailedError: getCollegeFromStudentIdsException method is not throwing Exception when unknown StudentId/roll pass ==&gt; Unexpected exception type thrown, expected: &lt;exceptions.StudentException&gt; but was: &lt;exceptions.CollegeException&gt;" type="org.opentest4j.MultipleFailuresError"><![CDATA[org.opentest4j.MultipleFailuresError: 
Multiple Failures (1 failure)
	org.opentest4j.AssertionFailedError: getCollegeFromStudentIdsException method is not throwing Exception when unknown StudentId/roll pass ==> Unexpected exception type thrown, expected: <exceptions.StudentException> but was: <exceptions.CollegeException>
	at TestCases.getCollegeFromStudentIdsException(TestCases.java:477)
]]></failure>
    <system-out><![CDATA[Hibernate: delete from Student
Hibernate: delete from College
Hibernate: select s1_0.studentRoll,c1_0.collegeId,c1_0.collegeAddress,c1_0.collegeName,s1_0.email,s1_0.mobileNumber,s1_0.status,s1_0.studentName from Student s1_0 left join College c1_0 on c1_0.collegeId=s1_0.college_collegeId where s1_0.studentRoll=?
]]></system-out>
  </testcase>
  <testcase name="buildScore" classname="TestCases" time="0.001"/>
</testsuite>